TN:
SF:src/components/browser-window-chrome.tsx
FN:65,BrowserWindowChrome
FN:84,(anonymous_5)
FN:90,(anonymous_6)
FN:141,(anonymous_7)
FN:144,(anonymous_8)
FN:213,(anonymous_9)
FNF:6
FNH:6
FNDA:16,BrowserWindowChrome
FNDA:1,(anonymous_5)
FNDA:1,(anonymous_6)
FNDA:48,(anonymous_7)
FNDA:1,(anonymous_8)
FNDA:1,(anonymous_9)
DA:14,1
DA:15,1
DA:59,1
DA:65,15
DA:81,16
DA:82,16
DA:84,16
DA:85,1
DA:86,1
DA:90,16
DA:91,1
DA:142,48
DA:144,1
DA:213,1
LF:14
LH:14
BRDA:68,0,0,0
BRDA:69,1,0,16
BRDA:70,2,0,15
BRDA:85,3,0,1
BRDA:123,4,0,1
BRDA:123,4,1,15
BRDA:124,5,0,1
BRDA:124,5,1,15
BRDA:127,6,0,1
BRDA:146,7,0,16
BRDA:146,7,1,32
BRDA:195,8,0,1
BRDA:195,8,1,15
BRDA:196,9,0,1
BRDA:196,9,1,15
BRF:15
BRH:14
end_of_record
TN:
SF:src/components/learning-dashboard.tsx
FN:52,LearningDashboard
FN:73,(anonymous_7)
FN:81,(anonymous_8)
FN:89,(anonymous_9)
FN:97,(anonymous_10)
FN:105,(anonymous_11)
FN:128,(anonymous_12)
FN:131,(anonymous_13)
FN:277,(anonymous_14)
FN:309,(anonymous_15)
FNF:10
FNH:4
FNDA:3,LearningDashboard
FNDA:1,(anonymous_7)
FNDA:0,(anonymous_8)
FNDA:0,(anonymous_9)
FNDA:0,(anonymous_10)
FNDA:0,(anonymous_11)
FNDA:9,(anonymous_12)
FNDA:0,(anonymous_13)
FNDA:10,(anonymous_14)
FNDA:0,(anonymous_15)
DA:3,1
DA:13,1
DA:14,1
DA:16,1
DA:17,1
DA:19,1
DA:20,1
DA:21,1
DA:52,2
DA:53,3
DA:54,3
DA:56,3
DA:66,3
DA:73,1
DA:81,0
DA:89,0
DA:97,0
DA:105,0
DA:109,3
DA:110,3
DA:113,3
DA:114,3
DA:129,9
DA:131,0
DA:278,10
DA:309,0
DA:381,1
LF:27
LH:21
BRDA:135,0,0,3
BRDA:135,0,1,6
BRDA:150,1,0,3
BRDA:150,1,1,2
BRDA:207,2,0,0
BRDA:207,2,1,2
BRDA:210,3,0,0
BRDA:210,3,1,2
BRDA:252,4,0,2
BRDA:252,4,1,0
BRDA:339,5,0,3
BRDA:339,5,1,1
BRDA:351,6,0,3
BRDA:351,6,1,0
BRF:14
BRH:10
end_of_record
TN:
SF:src/components/ollama-status-card.tsx
FN:7,(anonymous_1)
FN:19,(anonymous_2)
FN:24,(anonymous_3)
FN:26,(anonymous_4)
FN:31,(anonymous_5)
FN:67,(anonymous_6)
FN:84,(anonymous_7)
FNF:7
FNH:4
FNDA:1,(anonymous_1)
FNDA:2,(anonymous_2)
FNDA:1,(anonymous_3)
FNDA:1,(anonymous_4)
FNDA:0,(anonymous_5)
FNDA:0,(anonymous_6)
FNDA:0,(anonymous_7)
DA:3,1
DA:4,1
DA:5,1
DA:7,1
DA:8,1
DA:12,1
DA:13,0
DA:16,1
DA:19,1
DA:20,2
DA:21,2
DA:22,2
DA:24,2
DA:25,1
DA:27,1
DA:28,1
DA:29,1
DA:31,0
DA:68,0
DA:84,0
LF:20
LH:16
BRDA:12,0,0,0
BRDA:46,1,0,1
BRDA:51,2,0,0
BRDA:60,3,0,2
BRF:4
BRH:2
end_of_record
TN:
SF:src/components/ui/badge.tsx
FN:19,(anonymous_4)
FNF:1
FNH:1
FNDA:4,(anonymous_4)
DA:1,1
DA:3,1
DA:9,1
DA:18,1
DA:34,1
DA:36,4
LF:6
LH:6
BRDA:19,0,0,0
BRF:1
BRH:0
end_of_record
TN:
SF:src/lib/utils.ts
FN:7,cn
FNF:1
FNH:1
FNDA:4,cn
DA:1,1
DA:7,4
DA:8,4
LF:3
LH:3
BRF:0
BRH:0
end_of_record
