TN:
SF:src/components/BrowserWindowChrome.tsx
FN:65,BrowserWindowChrome
FN:84,(anonymous_5)
FN:90,(anonymous_6)
FN:143,(anonymous_7)
FN:146,(anonymous_8)
FN:217,(anonymous_9)
FNF:6
FNH:4
FNDA:11,BrowserWindowChrome
FNDA:1,(anonymous_5)
FNDA:1,(anonymous_6)
FNDA:33,(anonymous_7)
FNDA:0,(anonymous_8)
FNDA:0,(anonymous_9)
DA:14,1
DA:15,1
DA:59,1
DA:65,10
DA:81,11
DA:82,11
DA:84,11
DA:85,1
DA:86,1
DA:90,11
DA:91,1
DA:144,33
DA:146,0
DA:217,0
LF:14
LH:12
BRDA:68,0,0,0
BRDA:69,1,0,11
BRDA:70,2,0,11
BRDA:85,3,0,1
BRDA:123,4,0,1
BRDA:123,4,1,10
BRDA:124,5,0,1
BRDA:124,5,1,10
BRDA:127,6,0,1
BRDA:148,7,0,11
BRDA:148,7,1,22
BRDA:197,8,0,0
BRDA:197,8,1,11
BRDA:199,9,0,0
BRDA:199,9,1,11
BRF:15
BRH:12
end_of_record
